	Packing List for Microsoft FORTRAN v 5.1
	Copyright (C) 1986, 1991 Microsoft Corp. All rights reserved.



DISK 1 : disk1

 Files                        Description
 -----                        -----------

courb.fon                     DOS Graphics font file
cv.exe			      DOS CodeView debugger
cvwin.dll		      Windows debugging file
decomp.exe                    Decompression Utility
f510.inf                      Setup program information file
fixshift.com                  Fixes BIOS bug for some compatible keyboards
helvb.fon                     DOS Graphics font file
himem.sys                     HIMEM driver program
modern.fon                    DOS Graphics font file
mouse.com                     DOS mouse driver
mshelp.dll                    DLL for Microsoft Help system
msherc.com                    TSR to support Hercules card graphics
nmake.exe                     MS-DOS New Program maintenance utility
nmk.com                       Real mode PWB loader for NMAKE
packing.lst                   This list of files for MS FORTRAN 5.1
patch320.doc                  DOS 3.20 FP exception patch
pwb.com                       DOS Programmer's WorkBench
pwbc.mxt                      DOS Programmer's WorkBench
pwbed.exe                     DOS Programmer's WorkBench
pwbfort.mxt                   DOS Programmer's WorkBench
pwbhelp.mxt                   DOS Programmer's WorkBench
pwbrowse.mxt                  DOS Programmer's WorkBench
pwbutils.mxt                  DOS Programmer's WorkBench
qh.exe                        Quick Help program
ramdrive.sys                  DOS virtual disk device driver
readme.doc                    Documentation Information on MS FORTRAN 5.1
rmrhs.exe                     DOS 3.20 FP exception patch
roman.fon                     DOS Graphics font file
script.fon                    DOS Graphics font file
setrhs.exe                    DOS 3.20 FP exception patch
setup.exe                     Setup program -- installs product
smartdrv.sys                  DOS disk cache device driver
stkpat.bat                    DOS 3.20 FP exception patch
stkpat.scr                    DOS 3.20 FP exception patch
tmsrb.fon                     DOS Graphics font file


DISK 2 : disk2

 Files                        Description
 -----                        -----------

bind.exe                      Bound program creation utility
cvpack.exe                    CodeView information optimization utility
exehdr.exe                    EXE file modification utility
exp.exe                       File expunge program
f1.err                        Error message file for compiler, pass 1
f1.exe                        Compiler pass 1
f1l.exe                       Compiler, large model pass 1
f2.exe                        Compiler pass 2
f23.err                       Error message file for compiler, pass 2 & 3
f3.exe                        Compiler pass 3
f3s.exe                       Compiler, small model pass 3
fl.def                        Needed for Windows
fl.err                        Error message file for FL
fl.exe                        Compiler driver
fl.msg                        Message file for FL /help
helpmake.exe                  Utility to create/modify help files
ilink.exe                     Incremental linker
ilinkstb.ovl                  ILINK overlay
implib.exe                    Import library creation utility
lib.exe                       Library maintenance utility
link.exe                      Linker
pwbrmake.exe                  Programmer's WorkBench
rm.exe                        File deletion program
undel.exe                     File restore program
winstub.exe                   Needed for Windows


DISK 3 : disk3

 Files                        Description
 -----                        -----------

brief.ini                     Brief emulation macros for PWB
cvp.exe                       OS/2 CodeView debugger
cvw.exe                       CodeView for Windows
nmake.exe                     OS/2 New program maintenance utility
pwb.exe                       OS/2 Programmer's WorkBench
pwbc.pxt                      OS/2 Programmer's WorkBench
pwbfort.pxt                   OS/2 Programmer's WorkBench
pwbhelp.pxt                   OS/2 Programmer's WorkBench
pwbrowse.pxt                  OS/2 Programmer's WorkBench
pwbutils.pxt                  OS/2 Programmer's WorkBench
qh.exe                        Quick Help program
system.pre                    Settings for CodeView for Windows
tools.pre                     Sample macros for PWB
vcv.386                       Needed for CodeView for Windows
windebug.386		      Needed for CodeView for Windows


DISK 4 : disk4

 Files                        Description
 -----                        -----------

87.lib			      Floating point library for math coprocessor
api.lib 		      Family API stub library for OS/2 Bound programs
apilmr.obj                    Gives OS/2 bound programs 64K DGROUP
em.lib                        Floating point library for emulator
fdllobjs.lib                  Object file for dynamic link run-time library
frtdll.obj                    Startup code for dynamic link library
frtexe.obj                    Startup code for exe files that use a DLL
frtlib.dll                    OS/2 Dynamic Link FORTRAN run-time library
frtlib.lib                    OS/2 DLL library
frtlib.obj                    Startup code for dynamic link run-time
graphics.lib                  DOS Graphics library
grtextp.lib                   OS/2 Text Graphics library
lclib1.lib                    C compatibility library
lclib2.lib                    C compatibility library
lclibw1.lib                   Windows specific lib
lclibwd1.lib                  Windows DLL file
libh.lib                      General helper library
libw.lib                      Windows specific lib
llibfa.lib                    Alternate math library (large model)
llibfmt.lib                   OS/2 multi-thread run-time library
llibfor.lib                   Large model standard library
llibfor1.lib                  DOS run-time library (large model)
llibfor2.lib                  OS/2 run-time library (large model)
llibfp.lib                    Floating point library (large model)
llibfpw.lib                   Windows specific lib
llibfw.lib                    Windows specific lib
llibfw1.lib                   Windows specific lib
llibfwd.lib                   Windows DLL file
llibfwd1.lib                  Windows DLL file
mclib1.lib                    C compatibility library
mclib2.lib                    C compatibility library
mgraphfa.lib                  Graphics FP library (medium/large model)
mgraphfp.lib                  Graphics FP library (medium/large model)
mixedpat.obj                  Used for C-compatible Windows library
mixedstb.obj                  Used for non-C-compatible Windows Library
mlibfa.lib                    Alternate math library (medium model)
mlibfor.lib                   Medium model standard library
mlibfor1.lib                  DOS run-time library (medium model)
mlibfor2.lib                  OS/2 run-time library (medium model)
mlibfp.lib                    Floating point library (medium model)
nbuild.obj                    Error message stub file (use with BIND)
noqwin.obj		      Windows specific obj file
oldnames.lib                  Windows specific lib
os2.lib                       OS/2 API library for OS/2
qwin.lib		      Windows specific lib
txtonly.obj                   Allows graphics calls to be stubbed out
wddbgmsg.obj                  Windows DLL file
__fpmath.obj		      Windows specific lib


DISK 5 : disk5

 Files                        Description
 -----                        -----------

chkstk.asm                    OS non-specific startup file
chksum.asm                    OS non-specific startup file
cmacros.inc                   OS non-specific startup file
cmacros.new                   OS non-specific startup file
crt0fp.asm                    OS non-specific startup file
cv.hlp                        CodeView help file
DOS\crt0.asm                  DOS specific startup file
DOS\crt0dat.asm               DOS specific startup file
DOS\crt0datl.obj              DOS specific startup file
DOS\crt0datm.obj              DOS specific startup file
DOS\crt0msg.asm               DOS specific startup file
DOS\execmsg.asm               DOS specific startup file
DOS\nmsghdr.asm               DOS specific startup file
DOS\nulbody.lnk               DOS specific startup file
DOS\stdalloc.asm              DOS specific startup file
DOS\stdargv.asm               DOS specific startup file
DOS\stdenvp.asm               DOS specific startup file
emoem.asm                     OS non-specific startup file
filehand.doc                  Instructions for increasing file handles
fl.hlp                        Compiler command line help
fmsghdr.asm                   OS non-specific startup file
forlang.hlp                   FORTRAN language help file
heap.inc                      OS non-specific startup file
link.hlp                      Help file for linker
makefile                      NMAKE makefile for building startup code
msdos.inc                     OS non-specific startup file
nulbody.for                   OS non-specific startup file
OS2\crt0.asm                  OS/2 specific startup file
OS2\crt0dat.asm               OS/2 specific startup file
OS2\crt0datl.obj              OS/2 specific startup file
OS2\crt0datm.obj              OS/2 specific startup file
OS2\crt0msg.asm               OS/2 specific startup file
OS2\nmsghdr.asm               OS/2 specific startup file
OS2\nulbody.lnk               OS/2 specific startup file
OS2\stdalloc.asm              OS/2 specific startup file
OS2\stdargv.asm               OS/2 specific startup file
OS2\stdenvp.asm               OS/2 specific startup file
qh.hlp			      Quick Help help file
qwin.hlp		      Windows help file
rchkstk.asm                   OS non-specific startup file
rterr.inc                     OS non-specific startup file
setargv.asm                   OS non-specific startup file
startup.bat                   DOS batch file for building startup code
startup.cmd                   OS/2 batch file for building startup code
startup.doc                   Instructions for building startup code
unit.asm                      OS non-specific startup file
unit.obj                      OS non-specific startup file
utilerr.hlp                   Utilities error message help file
utils.hlp                     Utilities help file
version.inc                   OS non-specific startup file
WIN\crt0datd.obj              Windows specific startup source file
WIN\crt0datl.obj              Windows specific startup source file


DISK 6 : disk6

 Files                        Description
 -----                        -----------

animate.for                   graphics example
annuity1.for                  Tutorial Program
arc.for                       Tutorial Program
bse.fd                        Include file for OS/2
bse.fi                        Include file for OS/2
bsedos.fd                     Include file for OS/2
bsedos.fi                     Include file for OS/2
bseerr.fd                     Include file for OS/2
bsesub.fd                     Include file for OS/2
bsesub.fi                     Include file for OS/2
cga.for                       graphics example
cgapal.for                    graphics example
color.for                     graphics example
coltext.for                   graphics example
cursor.for                    graphics example
demoexec.for                  Demo Program
diffhlp.def                   OS/2 Sample
dwhet.for                     Demo Program
ega.for                       graphics example
exec.fi                       Demo Program
fdllobjs.cmd                  OS/2 Sample
fdllobjs.def                  OS/2 Sample
fgraph.fd                     Graphics Include file
fgraph.fi                     Graphics Include file
figure.for                    graphics example
fill.for                      graphics example
flib.fd                       Include file
flib.fi                       Include file
fmhello.for                   OS/2 Sample
fmtdll.def                    OS/2 Sample
fmtdll.for                    OS/2 Sample
fmtmain.def                   OS/2 Sample
fmtmain.for                   OS/2 Sample
fonts.for                     graphics example
graphic.for                   graphics example
horizon.for                   graphics example
magnify.for                   graphics example
mkfdll.cmd                    OS/2 Sample
modes.for                     graphics example
mtrx.for                      Tutorial Program
mtrx_w.for		      Tutorial Program
mulmix.c		      Tutorial Program
mulc.c			      Tutorial Program
mulmix.h                      Tutorial Program
mulmix.rc                     Tutorial Program
mulmix.def                    Tutorial Program
mulmix.mak                    Tutorial Program
mulf.for                      Tutorial Program
mullib.def                    Tutorial Program
mulmix_d.def                  Tutorial Program
mulmix_d.mak		      Tutorial Program
matlib.def		      Sample Program
matlib.for		      Sample Program
mtrx_wd.def		      Sample Program
mtrx_wd.for		      Sample Program
os2.fd                        Include file for OS/2
os2.fi                        Include file for OS/2
os2def.fd                     Include file for OS/2
page.for                      graphics example
palette.for                   graphics example
pwb.hlp                       PWB help file
realg.for		      graphics example
rg.mak			      Tutorial Program
rggraph.for                   Tutorial Program
rggrid.for                    Tutorial Program
rginit.for                    Tutorial Program
rgmain.for                    Tutorial Program
sampler.for                   graphics example
scrtxwin.for                  Tutorial Program
setrows.for                   graphics example
sieve.for                     Demo Program
sine.for                      graphics example
sortdemo.for                  Demo Program
source.doc                    Documentation for sample programs
star.for                      Tutorial Program
swhet.for                     Demo Program
text.for                      graphics example
window.for                    graphics example
wrap.for                      graphics example
